LaborMenu/app/build/intermediates/manifest_merge_blame_file/debug/manifest-merger-blame-debug-report.txt
1<?xml version="1.0" encoding="utf-8"?>
2<manifest xmlns:android="http://schemas.android.com/apk/res/android"
3    package="com.example.labormenu"
4    android:versionCode="1"
5    android:versionName="1.0" >
6
7    <uses-sdk
8        android:minSdkVersion="16"
8-->src\main\AndroidManifest.xml
9        android:targetSdkVersion="30" />
9-->src\main\AndroidManifest.xml
10
11    <application
11-->src\main\AndroidManifest.xml:5:5-28:19
12        android:allowBackup="true"
12-->src\main\AndroidManifest.xml:6:9-35
13        android:appComponentFactory="androidx.core.app.CoreComponentFactory"
13-->[androidx.core:core:1.5.0] AndroidManifest.xml:24:18-86
14        android:debuggable="true"
15        android:icon="@mipmap/ic_launcher"
15-->src\main\AndroidManifest.xml:7:9-43
16        android:label="@string/app_name"
16-->src\main\AndroidManifest.xml:8:9-41
17        android:roundIcon="@mipmap/ic_launcher_round"
17-->src\main\AndroidManifest.xml:9:9-54
18        android:supportsRtl="true"
18-->src\main\AndroidManifest.xml:10:9-35
19        android:testOnly="true"
20        android:theme="@style/Theme.LaborMenu" >
20-->src\main\AndroidManifest.xml:11:9-47
21        <meta-data
21-->src\main\AndroidManifest.xml:12:9-14:55
22            android:name="com.google.android.actions"
22-->src\main\AndroidManifest.xml:13:13-54
23            android:resource="@drawable/image_size" />
23-->src\main\AndroidManifest.xml:14:13-52
24
25        <activity android:name="com.example.labormenu.IntroActivity" >
25-->src\main\AndroidManifest.xml:16:9-22:20
25-->src\main\AndroidManifest.xml:16:19-48
26            <intent-filter>
26-->src\main\AndroidManifest.xml:17:13-21:29
27                <action android:name="android.intent.action.MAIN" />
27-->src\main\AndroidManifest.xml:18:17-69
27-->src\main\AndroidManifest.xml:18:25-66
28
29                <category android:name="android.intent.category.LAUNCHER" />
29-->src\main\AndroidManifest.xml:20:17-77
29-->src\main\AndroidManifest.xml:20:27-74
30            </intent-filter>
31        </activity>
32        <activity android:name="com.example.labormenu.LoginActivity" />
32-->src\main\AndroidManifest.xml:23:9-51
32-->src\main\AndroidManifest.xml:23:19-48
33        <activity android:name="com.example.labormenu.SelectUserActivity" />
33-->src\main\AndroidManifest.xml:24:9-56
33-->src\main\AndroidManifest.xml:24:19-53
34        <activity android:name="com.example.labormenu.LaborMenuActivity" />
34-->src\main\AndroidManifest.xml:25:9-55
34-->src\main\AndroidManifest.xml:25:19-52
35        <activity android:name="com.example.labormenu.ManagerMenuActivity" />
35-->src\main\AndroidManifest.xml:26:9-57
35-->src\main\AndroidManifest.xml:26:19-54
36        <activity android:name="com.example.labormenu.RegisterActivity" />
36-->src\main\AndroidManifest.xml:27:9-54
36-->src\main\AndroidManifest.xml:27:19-51
37    </application>
38
39</manifest>